/home/rishu/olympus-bot/main.py:47: SyntaxWarning: invalid escape sequence '\|'
  / ___| / _ \| \ | | | | |
Requirement already satisfied: Quart in /home/rishu/venv/lib/python3.13/site-packages (from -r requirements.txt (line 1)) (0.20.0)
Requirement already satisfied: discord.py in /home/rishu/venv/lib/python3.13/site-packages (from -r requirements.txt (line 2)) (2.5.2)
Requirement already satisfied: discord.ui in /home/rishu/venv/lib/python3.13/site-packages (from -r requirements.txt (line 3)) (5.1.6)
Requirement already satisfied: jishaku in /home/rishu/venv/lib/python3.13/site-packages (from -r requirements.txt (line 4)) (2.6.0)
Requirement already satisfied: asyncio in /home/rishu/venv/lib/python3.13/site-packages (from -r requirements.txt (line 5)) (3.4.3)
Requirement already satisfied: aiohttp in /home/rishu/venv/lib/python3.13/site-packages (from -r requirements.txt (line 6)) (3.11.18)
Requirement already satisfied: datetime in /home/rishu/venv/lib/python3.13/site-packages (from -r requirements.txt (line 7)) (5.5)
Requirement already satisfied: flask in /home/rishu/venv/lib/python3.13/site-packages (from -r requirements.txt (line 8)) (3.1.0)
Requirement already satisfied: typing in /home/rishu/venv/lib/python3.13/site-packages (from -r requirements.txt (line 9)) (3.7.4.3)
Requirement already satisfied: psutil in /home/rishu/venv/lib/python3.13/site-packages (from -r requirements.txt (line 10)) (7.0.0)
Requirement already satisfied: collection in /home/rishu/venv/lib/python3.13/site-packages (from -r requirements.txt (line 11)) (0.1.6)
Requirement already satisfied: pathlib in /home/rishu/venv/lib/python3.13/site-packages (from -r requirements.txt (line 12)) (1.0.1)
Requirement already satisfied: pymongo in /home/rishu/venv/lib/python3.13/site-packages (from -r requirements.txt (line 13)) (4.12.1)
Requirement already satisfied: wavelink in /home/rishu/venv/lib/python3.13/site-packages (from -r requirements.txt (line 14)) (3.4.1)
Requirement already satisfied: httpx in /home/rishu/venv/lib/python3.13/site-packages (from -r requirements.txt (line 15)) (0.28.1)
Requirement already satisfied: discord.ext-context in /home/rishu/venv/lib/python3.13/site-packages (from -r requirements.txt (line 16)) (0.1.8)
Requirement already satisfied: tasksio in /home/rishu/venv/lib/python3.13/site-packages (from -r requirements.txt (line 17)) (0.0.0)
Requirement already satisfied: motor in /home/rishu/venv/lib/python3.13/site-packages (from -r requirements.txt (line 18)) (3.7.0)
Requirement already satisfied: Augmentor in /home/rishu/venv/lib/python3.13/site-packages (from -r requirements.txt (line 19)) (0.2.12)
Requirement already satisfied: numpy in /home/rishu/venv/lib/python3.13/site-packages (from -r requirements.txt (line 20)) (2.2.5)
Requirement already satisfied: aiosqlite in /home/rishu/venv/lib/python3.13/site-packages (from -r requirements.txt (line 21)) (0.21.0)
Requirement already satisfied: gtts in /home/rishu/venv/lib/python3.13/site-packages (from -r requirements.txt (line 22)) (2.5.4)
Requirement already satisfied: langdetect in /home/rishu/venv/lib/python3.13/site-packages (from -r requirements.txt (line 23)) (1.0.9)
Requirement already satisfied: python-dotenv in /home/rishu/venv/lib/python3.13/site-packages (from -r requirements.txt (line 24)) (1.1.0)
Requirement already satisfied: pyttsx3 in /home/rishu/venv/lib/python3.13/site-packages (from -r requirements.txt (line 25)) (2.98)
Requirement already satisfied: PyYAML in /home/rishu/venv/lib/python3.13/site-packages (from -r requirements.txt (line 26)) (6.0.2)
Requirement already satisfied: requests in /home/rishu/venv/lib/python3.13/site-packages (from -r requirements.txt (line 27)) (2.32.3)
Requirement already satisfied: openai in /home/rishu/venv/lib/python3.13/site-packages (from -r requirements.txt (line 28)) (1.78.0)
Requirement already satisfied: duckduckgo-search==6.3.6 in /home/rishu/venv/lib/python3.13/site-packages (from -r requirements.txt (line 29)) (6.3.6)
Requirement already satisfied: pillow==11.0.0 in /home/rishu/venv/lib/python3.13/site-packages (from -r requirements.txt (line 30)) (11.0.0)
Requirement already satisfied: colorama in /home/rishu/venv/lib/python3.13/site-packages (from -r requirements.txt (line 31)) (0.4.6)
Requirement already satisfied: chess in /home/rishu/venv/lib/python3.13/site-packages (from -r requirements.txt (line 32)) (1.11.2)
Requirement already satisfied: python-dateutil in /home/rishu/venv/lib/python3.13/site-packages (from -r requirements.txt (line 33)) (2.9.0.post0)
Requirement already satisfied: topggpy in /home/rishu/venv/lib/python3.13/site-packages (from -r requirements.txt (line 34)) (1.4.0)
Requirement already satisfied: click>=8.1.7 in /home/rishu/venv/lib/python3.13/site-packages (from duckduckgo-search==6.3.6->-r requirements.txt (line 29)) (8.1.8)
Requirement already satisfied: primp>=0.8.0 in /home/rishu/venv/lib/python3.13/site-packages (from duckduckgo-search==6.3.6->-r requirements.txt (line 29)) (0.15.0)
Requirement already satisfied: aiofiles in /home/rishu/venv/lib/python3.13/site-packages (from Quart->-r requirements.txt (line 1)) (24.1.0)
Requirement already satisfied: blinker>=1.6 in /home/rishu/venv/lib/python3.13/site-packages (from Quart->-r requirements.txt (line 1)) (1.9.0)
Requirement already satisfied: hypercorn>=0.11.2 in /home/rishu/venv/lib/python3.13/site-packages (from Quart->-r requirements.txt (line 1)) (0.17.3)
Requirement already satisfied: itsdangerous in /home/rishu/venv/lib/python3.13/site-packages (from Quart->-r requirements.txt (line 1)) (2.2.0)
Requirement already satisfied: jinja2 in /home/rishu/venv/lib/python3.13/site-packages (from Quart->-r requirements.txt (line 1)) (3.1.6)
Requirement already satisfied: markupsafe in /home/rishu/venv/lib/python3.13/site-packages (from Quart->-r requirements.txt (line 1)) (3.0.2)
Requirement already satisfied: werkzeug>=3.0 in /home/rishu/venv/lib/python3.13/site-packages (from Quart->-r requirements.txt (line 1)) (3.1.3)
Requirement already satisfied: audioop-lts in /home/rishu/venv/lib/python3.13/site-packages (from discord.py->-r requirements.txt (line 2)) (0.2.1)
Requirement already satisfied: braceexpand>=0.1.7 in /home/rishu/venv/lib/python3.13/site-packages (from jishaku->-r requirements.txt (line 4)) (0.1.7)
Requirement already satisfied: import-expression<3.0.0,>=2.0.0 in /home/rishu/venv/lib/python3.13/site-packages (from jishaku->-r requirements.txt (line 4)) (2.2.1.post1)
Requirement already satisfied: tabulate>=0.9.0 in /home/rishu/venv/lib/python3.13/site-packages (from jishaku->-r requirements.txt (line 4)) (0.9.0)
Requirement already satisfied: typing-extensions<5,>=4.3 in /home/rishu/venv/lib/python3.13/site-packages (from jishaku->-r requirements.txt (line 4)) (4.13.2)
Requirement already satisfied: aiohappyeyeballs>=2.3.0 in /home/rishu/venv/lib/python3.13/site-packages (from aiohttp->-r requirements.txt (line 6)) (2.6.1)
Requirement already satisfied: aiosignal>=1.1.2 in /home/rishu/venv/lib/python3.13/site-packages (from aiohttp->-r requirements.txt (line 6)) (1.3.2)
Requirement already satisfied: attrs>=17.3.0 in /home/rishu/venv/lib/python3.13/site-packages (from aiohttp->-r requirements.txt (line 6)) (25.3.0)
Requirement already satisfied: frozenlist>=1.1.1 in /home/rishu/venv/lib/python3.13/site-packages (from aiohttp->-r requirements.txt (line 6)) (1.6.0)
Requirement already satisfied: multidict<7.0,>=4.5 in /home/rishu/venv/lib/python3.13/site-packages (from aiohttp->-r requirements.txt (line 6)) (6.4.3)
Requirement already satisfied: propcache>=0.2.0 in /home/rishu/venv/lib/python3.13/site-packages (from aiohttp->-r requirements.txt (line 6)) (0.3.1)
Requirement already satisfied: yarl<2.0,>=1.17.0 in /home/rishu/venv/lib/python3.13/site-packages (from aiohttp->-r requirements.txt (line 6)) (1.20.0)
Requirement already satisfied: zope.interface in /home/rishu/venv/lib/python3.13/site-packages (from datetime->-r requirements.txt (line 7)) (7.2)
Requirement already satisfied: pytz in /home/rishu/venv/lib/python3.13/site-packages (from datetime->-r requirements.txt (line 7)) (2025.2)
Requirement already satisfied: dnspython<3.0.0,>=1.16.0 in /home/rishu/venv/lib/python3.13/site-packages (from pymongo->-r requirements.txt (line 13)) (2.7.0)
Requirement already satisfied: async-timeout in /home/rishu/venv/lib/python3.13/site-packages (from wavelink->-r requirements.txt (line 14)) (5.0.1)
Requirement already satisfied: anyio in /home/rishu/venv/lib/python3.13/site-packages (from httpx->-r requirements.txt (line 15)) (4.9.0)
Requirement already satisfied: certifi in /home/rishu/venv/lib/python3.13/site-packages (from httpx->-r requirements.txt (line 15)) (2025.4.26)
Requirement already satisfied: httpcore==1.* in /home/rishu/venv/lib/python3.13/site-packages (from httpx->-r requirements.txt (line 15)) (1.0.9)
Requirement already satisfied: idna in /home/rishu/venv/lib/python3.13/site-packages (from httpx->-r requirements.txt (line 15)) (3.10)
Requirement already satisfied: h11>=0.16 in /home/rishu/venv/lib/python3.13/site-packages (from httpcore==1.*->httpx->-r requirements.txt (line 15)) (0.16.0)
Requirement already satisfied: tqdm>=4.9.0 in /home/rishu/venv/lib/python3.13/site-packages (from Augmentor->-r requirements.txt (line 19)) (4.67.1)
Requirement already satisfied: six in /home/rishu/venv/lib/python3.13/site-packages (from langdetect->-r requirements.txt (line 23)) (1.17.0)
Requirement already satisfied: charset-normalizer<4,>=2 in /home/rishu/venv/lib/python3.13/site-packages (from requests->-r requirements.txt (line 27)) (3.4.2)
Requirement already satisfied: urllib3<3,>=1.21.1 in /home/rishu/venv/lib/python3.13/site-packages (from requests->-r requirements.txt (line 27)) (2.4.0)
Requirement already satisfied: distro<2,>=1.7.0 in /home/rishu/venv/lib/python3.13/site-packages (from openai->-r requirements.txt (line 28)) (1.9.0)
Requirement already satisfied: jiter<1,>=0.4.0 in /home/rishu/venv/lib/python3.13/site-packages (from openai->-r requirements.txt (line 28)) (0.9.0)
Requirement already satisfied: pydantic<3,>=1.9.0 in /home/rishu/venv/lib/python3.13/site-packages (from openai->-r requirements.txt (line 28)) (2.11.4)
Requirement already satisfied: sniffio in /home/rishu/venv/lib/python3.13/site-packages (from openai->-r requirements.txt (line 28)) (1.3.1)
Requirement already satisfied: h2>=3.1.0 in /home/rishu/venv/lib/python3.13/site-packages (from hypercorn>=0.11.2->Quart->-r requirements.txt (line 1)) (4.2.0)
Requirement already satisfied: priority in /home/rishu/venv/lib/python3.13/site-packages (from hypercorn>=0.11.2->Quart->-r requirements.txt (line 1)) (2.0.0)
Requirement already satisfied: wsproto>=0.14.0 in /home/rishu/venv/lib/python3.13/site-packages (from hypercorn>=0.11.2->Quart->-r requirements.txt (line 1)) (1.2.0)
Requirement already satisfied: annotated-types>=0.6.0 in /home/rishu/venv/lib/python3.13/site-packages (from pydantic<3,>=1.9.0->openai->-r requirements.txt (line 28)) (0.7.0)
Requirement already satisfied: pydantic-core==2.33.2 in /home/rishu/venv/lib/python3.13/site-packages (from pydantic<3,>=1.9.0->openai->-r requirements.txt (line 28)) (2.33.2)
Requirement already satisfied: typing-inspection>=0.4.0 in /home/rishu/venv/lib/python3.13/site-packages (from pydantic<3,>=1.9.0->openai->-r requirements.txt (line 28)) (0.4.0)
Requirement already satisfied: setuptools in /home/rishu/venv/lib/python3.13/site-packages (from zope.interface->datetime->-r requirements.txt (line 7)) (80.4.0)
Requirement already satisfied: hyperframe<7,>=6.1 in /home/rishu/venv/lib/python3.13/site-packages (from h2>=3.1.0->hypercorn>=0.11.2->Quart->-r requirements.txt (line 1)) (6.1.0)
Requirement already satisfied: hpack<5,>=4.1 in /home/rishu/venv/lib/python3.13/site-packages (from h2>=3.1.0->hypercorn>=0.11.2->Quart->-r requirements.txt (line 1)) (4.1.0)
 * Serving Flask app 'main'
 * Debug mode: off
[11:08:29] -> WARNING: This is a development server. Do not use it in a production deployment. Use a production WSGI server instead.
 * Running on all addresses (0.0.0.0)
 * Running on http://127.0.0.1:8080
 * Running on http://192.168.1.14:8080
[11:08:29] -> Press CTRL+C to quit
[H[2J[3J[11:08:29] -> logging in using static token
Loaded cog: Help
Loaded cog: General
Loaded cog: Moderation
Loaded cog: Automod
Loaded cog: Welcomer
Loaded cog: Fun
Loaded cog: Games
Loaded cog: Extra
Loaded cog: Voice
Loaded cog: Owner
Loaded cog: Customrole
Loaded cog: afk
Loaded cog: Embed
Loaded cog: Media
Loaded cog: Ignore
Loaded cog: Invcrole
Loaded cog: Steal
Loaded cog: Ship
Loaded cog: Timer
Loaded cog: Blacklist
Loaded cog: Block
Loaded cog: Nightmode
Loaded cog: AiStuffCog
Loaded cog: Badges
Loaded cog: Antinuke
Loaded cog: Whitelist
Loaded cog: Unwhitelist
Loaded cog: Extraowner
Loaded cog: Map
Loaded cog: Blackjack
Loaded cog: Slots
Loaded cog: AutoBlacklist
Loaded cog: Guild
Loaded cog: Errors
Loaded cog: Autorole2
Loaded cog: Autorole
Loaded cog: greet
Loaded cog: AutoResponder
Loaded cog: Mention
Loaded cog: AutoRole
Loaded cog: React
Loaded cog: AntiMemberUpdate
Loaded cog: AntiBan
Loaded cog: AntiBotAdd
Loaded cog: AntiChannelCreate
Loaded cog: AntiChannelDelete
Loaded cog: AntiChannelUpdate
Loaded cog: AntiEveryone
Loaded cog: AntiGuildUpdate
Loaded cog: AntiIntegration
Loaded cog: AntiKick
Loaded cog: AntiPrune
Loaded cog: AntiRoleCreate
Loaded cog: AntiRoleDelete
Loaded cog: AntiRoleUpdate
Loaded cog: AntiWebhookUpdate
Loaded cog: AntiWebhookCreate
Loaded cog: AntiWebhookDelete
Loaded cog: AntiSpam
Loaded cog: AntiCaps
Loaded cog: AntiLink
Loaded cog: AntiInvite
Loaded cog: AntiMassMention
Loaded cog: Music
Loaded cog: Stats
Loaded cog: Emergency
Loaded cog: Status
Loaded cog: NoPrefix
Loaded cog: FilterCog
Loaded cog: AutoReaction
Loaded cog: AutoReactListener
Loaded cog: Ban
Loaded cog: Unban
Loaded cog: Mute
Loaded cog: Unmute
Loaded cog: Lock
Loaded cog: Unlock
Loaded cog: Hide
Loaded cog: Unhide
Loaded cog: Kick
Loaded cog: Warn
Loaded cog: Role
Loaded cog: Message
Loaded cog: Moderation
Loaded cog: TopCheck
Loaded cog: Snipe
Loaded cog: Global
All cogs loaded successfully.
Loaded extension: cogs
********************
[11:08:31] -> Shard ID 0 has connected to Gateway (Session ID: 423fcd4a535e853aa1932c07a2adee5b).
[11:08:37] -> Shard ID 1 has connected to Gateway (Session ID: 1ab02795c46e23f6b07905be797db28f).

           

        ____   ___  _   _ _   _ 
       / ___| / _ \| \ | | | | |
       \___ \| | | |  \| | | | |
        ___) | |_| | |\  | |_| |
       |____/ \___/|_| \_| \___/ 

       
           
Loaded & Online!
Logged in as: Moon#2579
Connected to: 3 guilds
Connected to: 827 users
Synced Total 204 Client Commands and 95 Slash Commands
Traceback (most recent call last):
  File "/usr/lib/python3.13/asyncio/runners.py", line 118, in run
    return self._loop.run_until_complete(task)
           ~~~~~~~~~~~~~~~~~~~~~~~~~~~~~^^^^^^
  File "/usr/lib/python3.13/asyncio/base_events.py", line 719, in run_until_complete
    return future.result()
           ~~~~~~~~~~~~~^^
  File "/home/rishu/olympus-bot/main.py", line 166, in main
    await client.start(TOKEN)
  File "/home/rishu/venv/lib/python3.13/site-packages/discord/client.py", line 824, in start
    await self.connect(reconnect=reconnect)
  File "/home/rishu/venv/lib/python3.13/site-packages/discord/shard.py", line 516, in connect
    item = await self.__queue.get()
           ^^^^^^^^^^^^^^^^^^^^^^^^
  File "/usr/lib/python3.13/asyncio/queues.py", line 186, in get
    await getter
asyncio.exceptions.CancelledError

During handling of the above exception, another exception occurred:

Traceback (most recent call last):
  File "/home/rishu/olympus-bot/main.py", line 170, in <module>
    asyncio.run(main())
    ~~~~~~~~~~~^^^^^^^^
  File "/usr/lib/python3.13/asyncio/runners.py", line 195, in run
    return runner.run(main)
           ~~~~~~~~~~^^^^^^
  File "/usr/lib/python3.13/asyncio/runners.py", line 123, in run
    raise KeyboardInterrupt()
KeyboardInterrupt
Traceback (most recent call last):
  File "/usr/lib/python3.13/threading.py", line 1540, in _shutdown
    _thread_shutdown()
KeyboardInterrupt: 
[11:10:16] -> Unclosed client session
client_session: <aiohttp.client.ClientSession object at 0x7f3d25261bd0>
